2022-06-21T07:23:50+00:00 CRITICAL Maximum execution time of 60 seconds exceeded в C:\OpenServer\domains\trefilieva-illustration\wp-content\themes\astra\inc\builder\type\header\site-identity\class-astra-header-site-identity-component.php на строке 12

2022-06-21T07:24:12+00:00 CRITICAL Maximum execution time of 60 seconds exceeded в C:\OpenServer\domains\trefilieva-illustration\wp-includes\wp-db.php на строке 2169

2022-06-21T07:30:32+00:00 CRITICAL Maximum execution time of 60 seconds exceeded в C:\OpenServer\domains\trefilieva-illustration\wp-includes\class-wp-image-editor.php на строке 565

2022-06-21T07:32:01+00:00 CRITICAL Maximum execution time of 60 seconds exceeded в C:\OpenServer\domains\trefilieva-illustration\wp-content\plugins\elementor\includes\autoloader.php на строке 265

2022-06-21T07:32:03+00:00 CRITICAL Maximum execution time of 60 seconds exceeded в C:\OpenServer\domains\trefilieva-illustration\wp-includes\functions.php на строке 4528

2022-06-21T07:32:07+00:00 CRITICAL Maximum execution time of 60 seconds exceeded в C:\OpenServer\domains\trefilieva-illustration\wp-includes\Requests\Transport\cURL.php на строке 165

2022-06-21T07:33:06+00:00 CRITICAL Maximum execution time of 60 seconds exceeded в C:\OpenServer\domains\trefilieva-illustration\wp-includes\class-wp-image-editor.php на строке 565

2022-06-21T07:37:41+00:00 CRITICAL Maximum execution time of 60 seconds exceeded в C:\OpenServer\domains\trefilieva-illustration\wp-includes\class-wp-image-editor-gd.php на строке 208

2022-06-21T07:44:01+00:00 CRITICAL Maximum execution time of 60 seconds exceeded в C:\OpenServer\domains\trefilieva-illustration\wp-includes\class-wp-image-editor-gd.php на строке 208

2022-06-21T07:47:21+00:00 CRITICAL Maximum execution time of 60 seconds exceeded в C:\OpenServer\domains\trefilieva-illustration\wp-includes\class-wp-image-editor-gd.php на строке 208

2022-06-21T07:53:39+00:00 CRITICAL Maximum execution time of 60 seconds exceeded в C:\OpenServer\domains\trefilieva-illustration\wp-includes\class-wp-image-editor-gd.php на строке 208

2022-06-21T08:06:59+00:00 CRITICAL Maximum execution time of 60 seconds exceeded в C:\OpenServer\domains\trefilieva-illustration\wp-includes\class-wp-image-editor-gd.php на строке 208

2022-06-21T08:08:32+00:00 CRITICAL Maximum execution time of 60 seconds exceeded в C:\OpenServer\domains\trefilieva-illustration\wp-includes\class-wp-image-editor-gd.php на строке 208

2022-06-21T08:12:59+00:00 CRITICAL Maximum execution time of 60 seconds exceeded в C:\OpenServer\domains\trefilieva-illustration\wp-includes\class-wp-image-editor-gd.php на строке 208

2022-06-21T08:18:00+00:00 CRITICAL Maximum execution time of 60 seconds exceeded в C:\OpenServer\domains\trefilieva-illustration\wp-includes\class-wp-image-editor-gd.php на строке 208

2022-06-21T08:27:18+00:00 CRITICAL Maximum execution time of 60 seconds exceeded в C:\OpenServer\domains\trefilieva-illustration\wp-includes\class-wp-image-editor.php на строке 565

2022-06-21T08:33:19+00:00 CRITICAL Maximum execution time of 60 seconds exceeded в C:\OpenServer\domains\trefilieva-illustration\wp-includes\class-wp-image-editor-gd.php на строке 208

2022-06-21T08:37:41+00:00 CRITICAL Maximum execution time of 60 seconds exceeded в C:\OpenServer\domains\trefilieva-illustration\wp-includes\class-wp-image-editor-imagick.php на строке 113

2022-06-21T08:43:52+00:00 CRITICAL Maximum execution time of 60 seconds exceeded в C:\OpenServer\domains\trefilieva-illustration\wp-includes\class-wp-image-editor-gd.php на строке 208

2022-06-21T08:47:41+00:00 CRITICAL Maximum execution time of 60 seconds exceeded в C:\OpenServer\domains\trefilieva-illustration\wp-includes\class-wp-image-editor-gd.php на строке 208

2022-06-21T08:52:12+00:00 CRITICAL Maximum execution time of 60 seconds exceeded в C:\OpenServer\domains\trefilieva-illustration\wp-includes\class-wp-image-editor-gd.php на строке 208

2022-06-21T08:57:13+00:00 CRITICAL Maximum execution time of 60 seconds exceeded в C:\OpenServer\domains\trefilieva-illustration\wp-includes\class-wp-image-editor-imagick.php на строке 113

2022-06-21T09:02:04+00:00 CRITICAL Maximum execution time of 60 seconds exceeded в C:\OpenServer\domains\trefilieva-illustration\wp-includes\class-wp-image-editor-gd.php на строке 208

2022-06-21T09:07:15+00:00 CRITICAL Maximum execution time of 60 seconds exceeded в C:\OpenServer\domains\trefilieva-illustration\wp-includes\class-wp-image-editor-gd.php на строке 208

2022-06-21T09:13:18+00:00 CRITICAL Maximum execution time of 60 seconds exceeded в C:\OpenServer\domains\trefilieva-illustration\wp-includes\class-wp-image-editor-gd.php на строке 111

2022-06-21T09:17:20+00:00 CRITICAL Maximum execution time of 60 seconds exceeded в C:\OpenServer\domains\trefilieva-illustration\wp-includes\class-wp-image-editor-gd.php на строке 208

