2022-06-08T04:13:22+00:00 CRITICAL Maximum execution time of 60 seconds exceeded в C:\OpenServer\domains\trefilieva-illustration\wp-includes\class-wp-image-editor-gd.php на строке 111

2022-06-08T04:17:46+00:00 CRITICAL Maximum execution time of 60 seconds exceeded в C:\OpenServer\domains\trefilieva-illustration\wp-includes\class-wp-image-editor-gd.php на строке 208

2022-06-08T04:22:51+00:00 CRITICAL Maximum execution time of 60 seconds exceeded в C:\OpenServer\domains\trefilieva-illustration\wp-includes\class-wp-image-editor-gd.php на строке 208

2022-06-08T04:27:29+00:00 CRITICAL Maximum execution time of 60 seconds exceeded в C:\OpenServer\domains\trefilieva-illustration\wp-includes\class-wp-image-editor-gd.php на строке 208

2022-06-08T04:32:25+00:00 CRITICAL Maximum execution time of 60 seconds exceeded в C:\OpenServer\domains\trefilieva-illustration\wp-includes\class-wp-image-editor.php на строке 565

2022-06-08T04:37:57+00:00 CRITICAL Maximum execution time of 60 seconds exceeded в C:\OpenServer\domains\trefilieva-illustration\wp-includes\class-wp-image-editor.php на строке 565

2022-06-08T04:42:57+00:00 CRITICAL Maximum execution time of 60 seconds exceeded в C:\OpenServer\domains\trefilieva-illustration\wp-includes\class-wp-image-editor.php на строке 565

2022-06-08T04:49:01+00:00 CRITICAL Maximum execution time of 60 seconds exceeded в C:\OpenServer\domains\trefilieva-illustration\wp-includes\media.php на строке 5206

2022-06-08T04:52:50+00:00 CRITICAL Maximum execution time of 60 seconds exceeded в C:\OpenServer\domains\trefilieva-illustration\wp-includes\class-wp-image-editor-imagick.php на строке 113

2022-06-08T04:57:06+00:00 CRITICAL Maximum execution time of 60 seconds exceeded в C:\OpenServer\domains\trefilieva-illustration\wp-includes\class-wp-image-editor-gd.php на строке 208

2022-06-08T05:03:12+00:00 CRITICAL Maximum execution time of 60 seconds exceeded в C:\OpenServer\domains\trefilieva-illustration\wp-includes\class-wp-image-editor-gd.php на строке 208

2022-06-08T05:07:59+00:00 CRITICAL Maximum execution time of 60 seconds exceeded в C:\OpenServer\domains\trefilieva-illustration\wp-includes\class-wp-image-editor-gd.php на строке 208

2022-06-08T05:14:01+00:00 CRITICAL Maximum execution time of 60 seconds exceeded в C:\OpenServer\domains\trefilieva-illustration\wp-includes\class-wp-image-editor-gd.php на строке 208

2022-06-08T05:19:16+00:00 CRITICAL Maximum execution time of 60 seconds exceeded в C:\OpenServer\domains\trefilieva-illustration\wp-includes\class-wp-image-editor-imagick.php на строке 113

2022-06-08T05:23:17+00:00 CRITICAL Maximum execution time of 60 seconds exceeded в C:\OpenServer\domains\trefilieva-illustration\wp-includes\class-wp-image-editor-gd.php на строке 208

2022-06-08T05:27:06+00:00 CRITICAL Maximum execution time of 60 seconds exceeded в C:\OpenServer\domains\trefilieva-illustration\wp-includes\class-wp-image-editor-gd.php на строке 208

2022-06-08T05:32:59+00:00 CRITICAL Maximum execution time of 60 seconds exceeded в C:\OpenServer\domains\trefilieva-illustration\wp-includes\class-wp-image-editor-gd.php на строке 208

2022-06-08T05:39:02+00:00 CRITICAL Maximum execution time of 60 seconds exceeded в C:\OpenServer\domains\trefilieva-illustration\wp-includes\class-wp-image-editor-imagick.php на строке 113

2022-06-08T05:42:06+00:00 CRITICAL Maximum execution time of 60 seconds exceeded в C:\OpenServer\domains\trefilieva-illustration\wp-includes\class-wp-image-editor-gd.php на строке 208

2022-06-08T05:47:14+00:00 CRITICAL Maximum execution time of 60 seconds exceeded в C:\OpenServer\domains\trefilieva-illustration\wp-includes\class-wp-image-editor-gd.php на строке 208

2022-06-08T05:52:16+00:00 CRITICAL Maximum execution time of 60 seconds exceeded в C:\OpenServer\domains\trefilieva-illustration\wp-includes\class-wp-image-editor-gd.php на строке 208

2022-06-08T05:57:48+00:00 CRITICAL Maximum execution time of 60 seconds exceeded в C:\OpenServer\domains\trefilieva-illustration\wp-includes\class-wp-image-editor-gd.php на строке 208

2022-06-08T06:02:20+00:00 CRITICAL Maximum execution time of 60 seconds exceeded в C:\OpenServer\domains\trefilieva-illustration\wp-includes\class-wp-image-editor-gd.php на строке 208

2022-06-08T06:07:23+00:00 CRITICAL Maximum execution time of 60 seconds exceeded в C:\OpenServer\domains\trefilieva-illustration\wp-includes\class-wp-image-editor-imagick.php на строке 113

2022-06-08T06:12:06+00:00 CRITICAL Maximum execution time of 60 seconds exceeded в C:\OpenServer\domains\trefilieva-illustration\wp-includes\class-wp-image-editor-gd.php на строке 208

2022-06-08T06:17:37+00:00 CRITICAL Maximum execution time of 60 seconds exceeded в C:\OpenServer\domains\trefilieva-illustration\wp-includes\class-wp-image-editor-gd.php на строке 208

2022-06-08T06:23:39+00:00 CRITICAL Maximum execution time of 60 seconds exceeded в C:\OpenServer\domains\trefilieva-illustration\wp-includes\class-wp-image-editor.php на строке 565

2022-06-08T06:27:17+00:00 CRITICAL Maximum execution time of 60 seconds exceeded в C:\OpenServer\domains\trefilieva-illustration\wp-includes\class-wp-image-editor-gd.php на строке 208

2022-06-08T06:32:12+00:00 CRITICAL Maximum execution time of 60 seconds exceeded в C:\OpenServer\domains\trefilieva-illustration\wp-includes\class-wp-image-editor-gd.php на строке 208

2022-06-08T06:37:07+00:00 CRITICAL Maximum execution time of 60 seconds exceeded в C:\OpenServer\domains\trefilieva-illustration\wp-includes\class-wp-image-editor-gd.php на строке 208

2022-06-08T06:42:41+00:00 CRITICAL Maximum execution time of 60 seconds exceeded в C:\OpenServer\domains\trefilieva-illustration\wp-includes\class-wp-image-editor-gd.php на строке 208

2022-06-08T06:47:19+00:00 CRITICAL Maximum execution time of 60 seconds exceeded в C:\OpenServer\domains\trefilieva-illustration\wp-includes\class-wp-image-editor-imagick.php на строке 113

2022-06-08T06:53:21+00:00 CRITICAL Maximum execution time of 60 seconds exceeded в C:\OpenServer\domains\trefilieva-illustration\wp-includes\media.php на строке 5206

2022-06-08T06:57:42+00:00 CRITICAL Maximum execution time of 60 seconds exceeded в C:\OpenServer\domains\trefilieva-illustration\wp-includes\class-wp-image-editor-gd.php на строке 208

2022-06-08T07:03:43+00:00 CRITICAL Maximum execution time of 60 seconds exceeded в C:\OpenServer\domains\trefilieva-illustration\wp-includes\class-wp-image-editor-gd.php на строке 208

2022-06-08T08:51:23+00:00 CRITICAL Maximum execution time of 60 seconds exceeded в C:\OpenServer\domains\trefilieva-illustration\wp-includes\class-wp-image-editor-gd.php на строке 208

2022-06-08T08:52:26+00:00 CRITICAL Maximum execution time of 60 seconds exceeded в C:\OpenServer\domains\trefilieva-illustration\wp-includes\class-wp-image-editor-gd.php на строке 208

2022-06-08T08:53:28+00:00 CRITICAL Maximum execution time of 60 seconds exceeded в C:\OpenServer\domains\trefilieva-illustration\wp-includes\class-wp-image-editor-gd.php на строке 208

2022-06-08T09:03:45+00:00 CRITICAL Maximum execution time of 60 seconds exceeded в C:\OpenServer\domains\trefilieva-illustration\wp-includes\class-wp-image-editor-gd.php на строке 208

2022-06-08T09:08:16+00:00 CRITICAL Maximum execution time of 60 seconds exceeded в C:\OpenServer\domains\trefilieva-illustration\wp-includes\class-wp-image-editor-gd.php на строке 208

2022-06-08T09:12:57+00:00 CRITICAL Maximum execution time of 60 seconds exceeded в C:\OpenServer\domains\trefilieva-illustration\wp-content\plugins\cartflows\classes\importer\class-cartflows-importer-loader.php на строке 10

2022-06-08T09:14:25+00:00 CRITICAL Maximum execution time of 60 seconds exceeded в C:\OpenServer\domains\trefilieva-illustration\wp-includes\class-wp-image-editor.php на строке 565

2022-06-08T14:46:53+00:00 CRITICAL Maximum execution time of 60 seconds exceeded в C:\OpenServer\domains\trefilieva-illustration\wp-settings.php на строке 540

81

2022-06-08T14:46:53+00:00 CRITICAL Maximum execution time of 60 seconds exceeded в C:\OpenServer\domains\trefilieva-illustration\wp-includes\l10n.php на строке 748

2022-06-08T14:47:17+00:00 CRITICAL Maximum execution time of 60 seconds exceeded в C:\OpenServer\domains\trefilieva-illustration\wp-includes\Requests\Response\Headers.php на строке 13

2022-06-08T14:48:15+00:00 CRITICAL Maximum execution time of 60 seconds exceeded в C:\OpenServer\domains\trefilieva-illustration\wp-includes\class-wp-image-editor-gd.php на строке 208

2022-06-08T14:52:04+00:00 CRITICAL Maximum execution time of 60 seconds exceeded в C:\OpenServer\domains\trefilieva-illustration\wp-includes\class-wp-image-editor-gd.php на строке 208

2022-06-08T14:57:07+00:00 CRITICAL Maximum execution time of 60 seconds exceeded в C:\OpenServer\domains\trefilieva-illustration\wp-includes\class-wp-image-editor-gd.php на строке 208

2022-06-08T15:02:05+00:00 CRITICAL Maximum execution time of 60 seconds exceeded в C:\OpenServer\domains\trefilieva-illustration\wp-includes\class-wp-image-editor-gd.php на строке 208

2022-06-08T15:07:04+00:00 CRITICAL Maximum execution time of 60 seconds exceeded в C:\OpenServer\domains\trefilieva-illustration\wp-includes\class-wp-image-editor-gd.php на строке 208

2022-06-08T15:12:04+00:00 CRITICAL Maximum execution time of 60 seconds exceeded в C:\OpenServer\domains\trefilieva-illustration\wp-includes\class-wp-image-editor-gd.php на строке 208

2022-06-08T15:17:04+00:00 CRITICAL Maximum execution time of 60 seconds exceeded в C:\OpenServer\domains\trefilieva-illustration\wp-includes\class-wp-image-editor-gd.php на строке 208

2022-06-08T15:22:04+00:00 CRITICAL Maximum execution time of 60 seconds exceeded в C:\OpenServer\domains\trefilieva-illustration\wp-includes\wp-db.php на строке 2169

2022-06-08T15:27:05+00:00 CRITICAL Maximum execution time of 60 seconds exceeded в C:\OpenServer\domains\trefilieva-illustration\wp-includes\class-wp-image-editor-gd.php на строке 208

2022-06-08T15:32:05+00:00 CRITICAL Maximum execution time of 60 seconds exceeded в C:\OpenServer\domains\trefilieva-illustration\wp-includes\class-wp-image-editor-imagick.php на строке 113

2022-06-08T15:37:05+00:00 CRITICAL Maximum execution time of 60 seconds exceeded в C:\OpenServer\domains\trefilieva-illustration\wp-includes\class-wp-image-editor-gd.php на строке 208

2022-06-08T15:42:05+00:00 CRITICAL Maximum execution time of 60 seconds exceeded в C:\OpenServer\domains\trefilieva-illustration\wp-includes\class-wp-image-editor-gd.php на строке 208

2022-06-08T15:47:45+00:00 CRITICAL Maximum execution time of 60 seconds exceeded в C:\OpenServer\domains\trefilieva-illustration\wp-includes\class-wp-image-editor-gd.php на строке 208

2022-06-08T15:52:55+00:00 CRITICAL Maximum execution time of 60 seconds exceeded в C:\OpenServer\domains\trefilieva-illustration\wp-includes\class-wp-image-editor-gd.php на строке 208

2022-06-08T15:58:47+00:00 CRITICAL Maximum execution time of 60 seconds exceeded в C:\OpenServer\domains\trefilieva-illustration\wp-includes\class-wp-image-editor-imagick.php на строке 113

2022-06-08T16:02:08+00:00 CRITICAL Maximum execution time of 60 seconds exceeded в C:\OpenServer\domains\trefilieva-illustration\wp-includes\class-wp-image-editor-imagick.php на строке 113

2022-06-08T16:07:09+00:00 CRITICAL Maximum execution time of 60 seconds exceeded в C:\OpenServer\domains\trefilieva-illustration\wp-includes\class-wp-image-editor-gd.php на строке 208

2022-06-08T16:12:04+00:00 CRITICAL Maximum execution time of 60 seconds exceeded в C:\OpenServer\domains\trefilieva-illustration\wp-includes\class-wp-image-editor-gd.php на строке 208

2022-06-08T16:17:14+00:00 CRITICAL Maximum execution time of 60 seconds exceeded в C:\OpenServer\domains\trefilieva-illustration\wp-includes\class-wp-image-editor-gd.php на строке 208

2022-06-08T16:23:16+00:00 CRITICAL Maximum execution time of 60 seconds exceeded в C:\OpenServer\domains\trefilieva-illustration\wp-includes\class-wp-image-editor-imagick.php на строке 113

2022-06-08T16:27:20+00:00 CRITICAL Maximum execution time of 60 seconds exceeded в C:\OpenServer\domains\trefilieva-illustration\wp-includes\class-wp-image-editor.php на строке 565

2022-06-08T16:32:09+00:00 CRITICAL Maximum execution time of 60 seconds exceeded в C:\OpenServer\domains\trefilieva-illustration\wp-includes\class-wp-image-editor-gd.php на строке 208

2022-06-08T16:53:11+00:00 CRITICAL Maximum execution time of 60 seconds exceeded в C:\OpenServer\domains\trefilieva-illustration\wp-includes\class-wp-image-editor-imagick.php на строке 113

2022-06-08T16:58:31+00:00 CRITICAL Maximum execution time of 60 seconds exceeded в C:\OpenServer\domains\trefilieva-illustration\wp-includes\class-wp-image-editor-gd.php на строке 208

2022-06-08T17:03:39+00:00 CRITICAL Maximum execution time of 60 seconds exceeded в C:\OpenServer\domains\trefilieva-illustration\wp-includes\class-wp-image-editor-gd.php на строке 208

2022-06-08T17:07:42+00:00 CRITICAL Maximum execution time of 60 seconds exceeded в C:\OpenServer\domains\trefilieva-illustration\wp-includes\class-wp-image-editor-gd.php на строке 208

2022-06-08T17:20:04+00:00 CRITICAL Maximum execution time of 60 seconds exceeded в C:\OpenServer\domains\trefilieva-illustration\wp-includes\functions.php на строке 2036

2022-06-08T17:23:47+00:00 CRITICAL Maximum execution time of 60 seconds exceeded в C:\OpenServer\domains\trefilieva-illustration\wp-includes\wp-db.php на строке 2169

2022-06-08T17:27:48+00:00 CRITICAL Maximum execution time of 60 seconds exceeded в C:\OpenServer\domains\trefilieva-illustration\wp-includes\class-wp-image-editor-gd.php на строке 208

2022-06-08T17:40:53+00:00 CRITICAL Maximum execution time of 60 seconds exceeded в C:\OpenServer\domains\trefilieva-illustration\wp-includes\class-wp-image-editor-gd.php на строке 208

2022-06-08T17:42:08+00:00 CRITICAL Maximum execution time of 60 seconds exceeded в C:\OpenServer\domains\trefilieva-illustration\wp-includes\class-wp-image-editor-gd.php на строке 208

2022-06-08T17:48:06+00:00 CRITICAL Maximum execution time of 60 seconds exceeded в C:\OpenServer\domains\trefilieva-illustration\wp-includes\class-wp-image-editor-gd.php на строке 208

2022-06-08T17:52:06+00:00 CRITICAL Maximum execution time of 60 seconds exceeded в C:\OpenServer\domains\trefilieva-illustration\wp-includes\wp-db.php на строке 2169

2022-06-08T17:57:13+00:00 CRITICAL Maximum execution time of 60 seconds exceeded в C:\OpenServer\domains\trefilieva-illustration\wp-includes\class-wp-image-editor-imagick.php на строке 113

2022-06-08T18:03:16+00:00 CRITICAL Maximum execution time of 60 seconds exceeded в C:\OpenServer\domains\trefilieva-illustration\wp-includes\class-wp-image-editor-imagick.php на строке 113

2022-06-08T18:07:18+00:00 CRITICAL Maximum execution time of 60 seconds exceeded в C:\OpenServer\domains\trefilieva-illustration\wp-includes\class-wp-image-editor-gd.php на строке 208

2022-06-08T18:13:15+00:00 CRITICAL Maximum execution time of 60 seconds exceeded в C:\OpenServer\domains\trefilieva-illustration\wp-includes\class-wp-image-editor-gd.php на строке 111

2022-06-08T18:17:07+00:00 CRITICAL Maximum execution time of 60 seconds exceeded в C:\OpenServer\domains\trefilieva-illustration\wp-includes\class-wp-image-editor-gd.php на строке 208

